cl : command line warning D9035: option 'Gm' has been deprecated and will be removed in a future release
  Enemy.cpp
  Generating Code...
  Compiling...
  GameStatebase.cpp
  GSPlay.cpp
F:\LEAP2021\FinalProject\Leaperoids\TrainingFramework\src\GameStates\GSPlay.cpp(34,60): warning C4244: 'argument': conversion from 'int' to 'GLfloat', possible loss of data
F:\LEAP2021\FinalProject\Leaperoids\TrainingFramework\src\GameStates\GSPlay.cpp(34,42): warning C4244: 'argument': conversion from 'int' to 'GLfloat', possible loss of data
F:\LEAP2021\FinalProject\Leaperoids\TrainingFramework\src\GameStates\GSPlay.cpp(47,36): warning C4244: 'argument': conversion from 'int' to 'GLfloat', possible loss of data
F:\LEAP2021\FinalProject\Leaperoids\TrainingFramework\src\GameStates\GSPlay.cpp(58,56): warning C4244: 'argument': conversion from 'int' to 'GLfloat', possible loss of data
F:\LEAP2021\FinalProject\Leaperoids\TrainingFramework\src\GameStates\GSPlay.cpp(58,38): warning C4244: 'argument': conversion from 'int' to 'GLfloat', possible loss of data
F:\LEAP2021\FinalProject\Leaperoids\TrainingFramework\src\GameObject\ObjectPool.h(108,35): warning C4244: 'argument': conversion from 'int' to 'GLfloat', possible loss of data
F:\LEAP2021\FinalProject\Leaperoids\TrainingFramework\src\GameObject\ObjectPool.h(105): message : while compiling class template member function 'void ObjectPool<Enemy>::SpawnObjectT(void)'
F:\LEAP2021\FinalProject\Leaperoids\TrainingFramework\src\GameObject\ObjectPool.h(67): message : see reference to function template instantiation 'void ObjectPool<Enemy>::SpawnObjectT(void)' being compiled
F:\LEAP2021\FinalProject\Leaperoids\TrainingFramework\src\GameStates\GSPlay.cpp(151): message : see reference to class template instantiation 'ObjectPool<Enemy>' being compiled
F:\LEAP2021\FinalProject\Leaperoids\TrainingFramework\src\GameObject\ObjectPool.h(109,64): warning C4244: 'argument': conversion from 'int' to 'GLfloat', possible loss of data
F:\LEAP2021\FinalProject\Leaperoids\TrainingFramework\src\GameObject\ObjectPool.h(109,44): warning C4244: 'argument': conversion from 'int' to 'GLfloat', possible loss of data
F:\LEAP2021\FinalProject\Leaperoids\TrainingFramework\src\GameObject\ObjectPool.h(113,48): warning C4244: 'argument': conversion from 'int' to 'GLfloat', possible loss of data
F:\LEAP2021\FinalProject\Leaperoids\TrainingFramework\src\GameObject\ObjectPool.h(113,37): warning C4244: 'argument': conversion from 'int' to 'GLfloat', possible loss of data
F:\LEAP2021\FinalProject\Leaperoids\TrainingFramework\src\GameObject\ObjectPool.h(114,67): warning C4244: 'argument': conversion from 'int' to 'GLfloat', possible loss of data
F:\LEAP2021\FinalProject\Leaperoids\TrainingFramework\src\GameObject\ObjectPool.h(114,31): warning C4244: 'argument': conversion from 'int' to 'GLfloat', possible loss of data
C:\Program Files (x86)\Microsoft Visual Studio\2019\Community\VC\Tools\MSVC\14.28.29910\include\xutility(138,73): warning C4244: 'argument': conversion from '_Ty' to 'float', possible loss of data
          with
          [
              _Ty=double
          ]
C:\Program Files (x86)\Microsoft Visual Studio\2019\Community\VC\Tools\MSVC\14.28.29910\include\memory(2194): message : see reference to function template instantiation 'void std::_Construct_in_place<_Ty,std::shared_ptr<Shaders>&,std::shared_ptr<Font>&,const char(&)[7],TEXT_COLOR,double>(_Ty &,std::shared_ptr<Shaders> &,std::shared_ptr<Font> &,const char (&)[7],TEXT_COLOR &&,double &&) noexcept(false)' being compiled
          with
          [
              _Ty=Text
          ]
C:\Program Files (x86)\Microsoft Visual Studio\2019\Community\VC\Tools\MSVC\14.28.29910\include\memory(2907): message : see reference to function template instantiation 'std::_Ref_count_obj2<_Ty>::_Ref_count_obj2<std::shared_ptr<Shaders>&,std::shared_ptr<Font>&,const char(&)[7],TEXT_COLOR,double>(std::shared_ptr<Shaders> &,std::shared_ptr<Font> &,const char (&)[7],TEXT_COLOR &&,double &&)' being compiled
          with
          [
              _Ty=Text
          ]
C:\Program Files (x86)\Microsoft Visual Studio\2019\Community\VC\Tools\MSVC\14.28.29910\include\memory(2907): message : see reference to function template instantiation 'std::_Ref_count_obj2<_Ty>::_Ref_count_obj2<std::shared_ptr<Shaders>&,std::shared_ptr<Font>&,const char(&)[7],TEXT_COLOR,double>(std::shared_ptr<Shaders> &,std::shared_ptr<Font> &,const char (&)[7],TEXT_COLOR &&,double &&)' being compiled
          with
          [
              _Ty=Text
          ]
F:\LEAP2021\FinalProject\Leaperoids\TrainingFramework\src\GameStates\GSPlay.cpp(86): message : see reference to function template instantiation 'std::shared_ptr<Text> std::make_shared<Text,std::shared_ptr<Shaders>&,std::shared_ptr<Font>&,const char(&)[7],TEXT_COLOR,double>(std::shared_ptr<Shaders> &,std::shared_ptr<Font> &,const char (&)[7],TEXT_COLOR &&,double &&)' being compiled
F:\LEAP2021\FinalProject\Leaperoids\TrainingFramework\src\GameObject\ObjectPool.h(19,13): warning C4244: 'argument': conversion from 'time_t' to 'unsigned int', possible loss of data
F:\LEAP2021\FinalProject\Leaperoids\TrainingFramework\src\GameObject\ObjectPool.h(17): message : while compiling class template member function 'ObjectPool<Enemy>::ObjectPool(void)'
C:\Program Files (x86)\Microsoft Visual Studio\2019\Community\VC\Tools\MSVC\14.28.29910\include\xutility(138): message : see reference to function template instantiation 'ObjectPool<Enemy>::ObjectPool(void)' being compiled
  Meteor.cpp
F:\LEAP2021\FinalProject\Leaperoids\TrainingFramework\src\GameObject\Meteor.cpp(46,12): warning C4244: 'argument': conversion from 'time_t' to 'unsigned int', possible loss of data
  Generating Code...
  TrainingFramework.vcxproj -> F:\LEAP2021\FinalProject\Leaperoids\BIN-Nvidia\TrainingFramework.exe
